<?xml version="1.0" encoding="UTF-8"?>
<coverage generated="1633615680582" clover="3.2.0">
  <project timestamp="1633615680582" name="All files">
    <metrics statements="3" coveredstatements="3" conditionals="0" coveredconditionals="0" methods="5" coveredmethods="5" elements="8" coveredelements="8" complexity="0" loc="3" ncloc="3" packages="1" files="1" classes="1"/>
    <file name="lattice-rule.js" path="C:\Users\vdput\Documents\r1lr\lib\lattice-rule.js">
      <metrics statements="3" coveredstatements="3" conditionals="0" coveredconditionals="0" methods="5" coveredmethods="5"/>
      <line num="5" count="12" type="stmt"/>
      <line num="10" count="1" type="stmt"/>
      <line num="15" count="1" type="stmt"/>
    </file>
  </project>
</coverage>
