{"C:\\Users\\vdput\\Documents\\r1lr\\lib\\lattice-rule.js": {"path":"C:\\Users\\vdput\\Documents\\r1lr\\lib\\lattice-rule.js","statementMap":{"0":{"start":{"line":5,"column":4},"end":{"line":5,"column":73}},"1":{"start":{"line":5,"column":46},"end":{"line":5,"column":71}},"2":{"start":{"line":5,"column":58},"end":{"line":5,"column":70}},"3":{"start":{"line":10,"column":4},"end":{"line":10,"column":27}},"4":{"start":{"line":10,"column":22},"end":{"line":10,"column":25}},"5":{"start":{"line":15,"column":0},"end":{"line":15,"column":34}}},"fnMap":{"0":{"name":"r1lr","decl":{"start":{"line":3,"column":9},"end":{"line":3,"column":13}},"loc":{"start":{"line":4,"column":0},"end":{"line":6,"column":1}},"line":4},"1":{"name":"(anonymous_1)","decl":{"start":{"line":5,"column":36},"end":{"line":5,"column":37}},"loc":{"start":{"line":5,"column":46},"end":{"line":5,"column":71}},"line":5},"2":{"name":"(anonymous_2)","decl":{"start":{"line":5,"column":52},"end":{"line":5,"column":53}},"loc":{"start":{"line":5,"column":58},"end":{"line":5,"column":70}},"line":5},"3":{"name":"divmap","decl":{"start":{"line":8,"column":9},"end":{"line":8,"column":15}},"loc":{"start":{"line":9,"column":0},"end":{"line":11,"column":1}},"line":9},"4":{"name":"(anonymous_4)","decl":{"start":{"line":10,"column":17},"end":{"line":10,"column":18}},"loc":{"start":{"line":10,"column":22},"end":{"line":10,"column":25}},"line":10}},"branchMap":{},"s":{"0":4,"1":12,"2":12,"3":1,"4":1,"5":1},"f":{"0":4,"1":12,"2":12,"3":1,"4":1},"b":{},"_coverageSchema":"1a1c01bbd47fc00a2c39e90264f33305004495a9","hash":"b980d06d1bd0f61c639dd1fc78e0a632b96f7ff5"}
}
